# JRE version: OpenJDK Runtime Environment Temurin-21.0.8+9 (21.0.8+9) (build 21.0.8+9-LTS)
# Java VM: OpenJDK 64-Bit Server VM Temurin-21.0.8+9 (21.0.8+9-LTS, mixed mode, sharing, tiered, compressed oops, compressed class ptrs, parallel gc, windows-amd64)
GC Precious Log:
 CardTable entry size: 512
 CPUs: 12 total, 12 available
 Memory: 7521M
 Large Page Support: Disabled
 NUMA Support: Disabled
 Compressed Oops: Enabled (32-bit)
 Alignments: Space 512K, Generation 512K, Heap 2M
 Heap Min Capacity: 100M
 Heap Initial Capacity: 100M
 Heap Max Capacity: 2G
 Pre-touch: Disabled
 Parallel Workers: 10
Heap:
 PSYoungGen      total 18432K, used 1063K [0x00000000d5580000, 0x00000000d6980000, 0x0000000100000000)
  eden space 16896K, 4% used [0x00000000d5580000,0x00000000d5639e88,0x00000000d6600000)
  from space 1536K, 20% used [0x00000000d6700000,0x00000000d6750000,0x00000000d6880000)
  to   space 1024K, 0% used [0x00000000d6880000,0x00000000d6880000,0x00000000d6980000)
 ParOldGen       total 80384K, used 80363K [0x0000000080000000, 0x0000000084e80000, 0x00000000d5580000)
  object space 80384K, 99% used [0x0000000080000000,0x0000000084e7ac88,0x0000000084e80000)
 Metaspace       used 64057K, committed 65472K, reserved 1114112K
  class space    used 7475K, committed 8064K, reserved 1048576K
GC Heap History (20 events):
Event: 13.165 GC heap before
{Heap before GC invocations=47 (full 3):
 PSYoungGen      total 24576K, used 18304K [0x00000000d5580000, 0x00000000d7100000, 0x0000000100000000)
  eden space 16896K, 99% used [0x00000000d5580000,0x00000000d65fffe0,0x00000000d6600000)
  from space 7680K, 18% used [0x00000000d6600000,0x00000000d6760020,0x00000000d6d80000)
  to   space 3584K, 0% used [0x00000000d6d80000,0x00000000d6d80000,0x00000000d7100000)
 ParOldGen       total 75776K, used 64140K [0x0000000080000000, 0x0000000084a00000, 0x00000000d5580000)
  object space 75776K, 84% used [0x0000000080000000,0x0000000083ea3130,0x0000000084a00000)
 Metaspace       used 62441K, committed 63872K, reserved 1114112K
  class space    used 7322K, committed 7936K, reserved 1048576K
}
Event: 13.167 GC heap after
{Heap after GC invocations=47 (full 3):
 PSYoungGen      total 18944K, used 1920K [0x00000000d5580000, 0x00000000d6f80000, 0x0000000100000000)
  eden space 16896K, 0% used [0x00000000d5580000,0x00000000d5580000,0x00000000d6600000)
  from space 2048K, 93% used [0x00000000d6d80000,0x00000000d6f60030,0x00000000d6f80000)
  to   space 2560K, 0% used [0x00000000d6a80000,0x00000000d6a80000,0x00000000d6d00000)
 ParOldGen       total 75776K, used 65351K [0x0000000080000000, 0x0000000084a00000, 0x00000000d5580000)
  object space 75776K, 86% used [0x0000000080000000,0x0000000083fd1d60,0x0000000084a00000)
 Metaspace       used 62441K, committed 63872K, reserved 1114112K
  class space    used 7322K, committed 7936K, reserved 1048576K
}
Event: 13.238 GC heap before
{Heap before GC invocations=48 (full 3):
 PSYoungGen      total 18944K, used 18816K [0x00000000d5580000, 0x00000000d6f80000, 0x0000000100000000)
  eden space 16896K, 99% used [0x00000000d5580000,0x00000000d65ffff8,0x00000000d6600000)
  from space 2048K, 93% used [0x00000000d6d80000,0x00000000d6f60030,0x00000000d6f80000)
  to   space 2560K, 0% used [0x00000000d6a80000,0x00000000d6a80000,0x00000000d6d00000)
 ParOldGen       total 75776K, used 65351K [0x0000000080000000, 0x0000000084a00000, 0x00000000d5580000)
  object space 75776K, 86% used [0x0000000080000000,0x0000000083fd1d60,0x0000000084a00000)
 Metaspace       used 62852K, committed 64256K, reserved 1114112K
  class space    used 7390K, committed 8000K, reserved 1048576K
}
Event: 13.240 GC heap after
{Heap after GC invocations=48 (full 3):
 PSYoungGen      total 19456K, used 2353K [0x00000000d5580000, 0x00000000d6e00000, 0x0000000100000000)
  eden space 16896K, 0% used [0x00000000d5580000,0x00000000d5580000,0x00000000d6600000)
  from space 2560K, 91% used [0x00000000d6a80000,0x00000000d6ccc4b0,0x00000000d6d00000)
  to   space 1024K, 0% used [0x00000000d6d00000,0x00000000d6d00000,0x00000000d6e00000)
 ParOldGen       total 75776K, used 67079K [0x0000000080000000, 0x0000000084a00000, 0x00000000d5580000)
  object space 75776K, 88% used [0x0000000080000000,0x0000000084181d90,0x0000000084a00000)
 Metaspace       used 62852K, committed 64256K, reserved 1114112K
  class space    used 7390K, committed 8000K, reserved 1048576K
}
Event: 13.272 GC heap before
{Heap before GC invocations=49 (full 3):
 PSYoungGen      total 19456K, used 19249K [0x00000000d5580000, 0x00000000d6e00000, 0x0000000100000000)
  eden space 16896K, 100% used [0x00000000d5580000,0x00000000d6600000,0x00000000d6600000)
  from space 2560K, 91% used [0x00000000d6a80000,0x00000000d6ccc4b0,0x00000000d6d00000)
  to   space 1024K, 0% used [0x00000000d6d00000,0x00000000d6d00000,0x00000000d6e00000)
 ParOldGen       total 75776K, used 67079K [0x0000000080000000, 0x0000000084a00000, 0x00000000d5580000)
  object space 75776K, 88% used [0x0000000080000000,0x0000000084181d90,0x0000000084a00000)
 Metaspace       used 62861K, committed 64256K, reserved 1114112K
  class space    used 7390K, committed 8000K, reserved 1048576K
}
Event: 13.275 GC heap after
{Heap after GC invocations=49 (full 3):
 PSYoungGen      total 17920K, used 994K [0x00000000d5580000, 0x00000000d6f00000, 0x0000000100000000)
  eden space 16896K, 0% used [0x00000000d5580000,0x00000000d5580000,0x00000000d6600000)
  from space 1024K, 97% used [0x00000000d6d00000,0x00000000d6df8810,0x00000000d6e00000)
  to   space 4608K, 0% used [0x00000000d6600000,0x00000000d6600000,0x00000000d6a80000)
 ParOldGen       total 75776K, used 70272K [0x0000000080000000, 0x0000000084a00000, 0x00000000d5580000)
  object space 75776K, 92% used [0x0000000080000000,0x00000000844a03a0,0x0000000084a00000)
 Metaspace       used 62861K, committed 64256K, reserved 1114112K
  class space    used 7390K, committed 8000K, reserved 1048576K
}
Event: 13.319 GC heap before
{Heap before GC invocations=50 (full 3):
 PSYoungGen      total 17920K, used 17890K [0x00000000d5580000, 0x00000000d6f00000, 0x0000000100000000)
  eden space 16896K, 100% used [0x00000000d5580000,0x00000000d6600000,0x00000000d6600000)
  from space 1024K, 97% used [0x00000000d6d00000,0x00000000d6df8810,0x00000000d6e00000)
  to   space 4608K, 0% used [0x00000000d6600000,0x00000000d6600000,0x00000000d6a80000)
 ParOldGen       total 75776K, used 70272K [0x0000000080000000, 0x0000000084a00000, 0x00000000d5580000)
  object space 75776K, 92% used [0x0000000080000000,0x00000000844a03a0,0x0000000084a00000)
 Metaspace       used 62903K, committed 64256K, reserved 1114112K
  class space    used 7391K, committed 8000K, reserved 1048576K
}
Event: 13.322 GC heap after
{Heap after GC invocations=50 (full 3):
 PSYoungGen      total 21504K, used 2148K [0x00000000d5580000, 0x00000000d6d80000, 0x0000000100000000)
  eden space 16896K, 0% used [0x00000000d5580000,0x00000000d5580000,0x00000000d6600000)
  from space 4608K, 46% used [0x00000000d6600000,0x00000000d6819000,0x00000000d6a80000)
  to   space 3072K, 0% used [0x00000000d6a80000,0x00000000d6a80000,0x00000000d6d80000)
 ParOldGen       total 75776K, used 71208K [0x0000000080000000, 0x0000000084a00000, 0x00000000d5580000)
  object space 75776K, 93% used [0x0000000080000000,0x000000008458a3b0,0x0000000084a00000)
 Metaspace       used 62903K, committed 64256K, reserved 1114112K
  class space    used 7391K, committed 8000K, reserved 1048576K
}
Event: 13.350 GC heap before
{Heap before GC invocations=51 (full 3):
 PSYoungGen      total 21504K, used 19043K [0x00000000d5580000, 0x00000000d6d80000, 0x0000000100000000)
  eden space 16896K, 99% used [0x00000000d5580000,0x00000000d65fffd0,0x00000000d6600000)
  from space 4608K, 46% used [0x00000000d6600000,0x00000000d6819000,0x00000000d6a80000)
  to   space 3072K, 0% used [0x00000000d6a80000,0x00000000d6a80000,0x00000000d6d80000)
 ParOldGen       total 75776K, used 71208K [0x0000000080000000, 0x0000000084a00000, 0x00000000d5580000)
  object space 75776K, 93% used [0x0000000080000000,0x000000008458a3b0,0x0000000084a00000)
 Metaspace       used 62919K, committed 64384K, reserved 1114112K
  class space    used 7391K, committed 8000K, reserved 1048576K
}
Event: 13.353 GC heap after
{Heap after GC invocations=51 (full 3):
 PSYoungGen      total 18944K, used 1792K [0x00000000d5580000, 0x00000000d6c80000, 0x0000000100000000)
  eden space 16896K, 0% used [0x00000000d5580000,0x00000000d5580000,0x00000000d6600000)
  from space 2048K, 87% used [0x00000000d6a80000,0x00000000d6c40000,0x00000000d6c80000)
  to   space 2048K, 0% used [0x00000000d6880000,0x00000000d6880000,0x00000000d6a80000)
 ParOldGen       total 75776K, used 73237K [0x0000000080000000, 0x0000000084a00000, 0x00000000d5580000)
  object space 75776K, 96% used [0x0000000080000000,0x0000000084785538,0x0000000084a00000)
 Metaspace       used 62919K, committed 64384K, reserved 1114112K
  class space    used 7391K, committed 8000K, reserved 1048576K
}
Event: 13.401 GC heap before
{Heap before GC invocations=52 (full 3):
 PSYoungGen      total 18944K, used 18688K [0x00000000d5580000, 0x00000000d6c80000, 0x0000000100000000)
  eden space 16896K, 100% used [0x00000000d5580000,0x00000000d6600000,0x00000000d6600000)
  from space 2048K, 87% used [0x00000000d6a80000,0x00000000d6c40000,0x00000000d6c80000)
  to   space 2048K, 0% used [0x00000000d6880000,0x00000000d6880000,0x00000000d6a80000)
 ParOldGen       total 75776K, used 73237K [0x0000000080000000, 0x0000000084a00000, 0x00000000d5580000)
  object space 75776K, 96% used [0x0000000080000000,0x0000000084785538,0x0000000084a00000)
 Metaspace       used 63000K, committed 64448K, reserved 1114112K
  class space    used 7391K, committed 8000K, reserved 1048576K
}
Event: 13.403 GC heap after
{Heap after GC invocations=52 (full 3):
 PSYoungGen      total 18944K, used 2016K [0x00000000d5580000, 0x00000000d6e00000, 0x0000000100000000)
  eden space 16896K, 0% used [0x00000000d5580000,0x00000000d5580000,0x00000000d6600000)
  from space 2048K, 98% used [0x00000000d6880000,0x00000000d6a78010,0x00000000d6a80000)
  to   space 3584K, 0% used [0x00000000d6a80000,0x00000000d6a80000,0x00000000d6e00000)
 ParOldGen       total 75776K, used 74925K [0x0000000080000000, 0x0000000084a00000, 0x00000000d5580000)
  object space 75776K, 98% used [0x0000000080000000,0x000000008492b538,0x0000000084a00000)
 Metaspace       used 63000K, committed 64448K, reserved 1114112K
  class space    used 7391K, committed 8000K, reserved 1048576K
}
Event: 13.449 GC heap before
{Heap before GC invocations=53 (full 3):
 PSYoungGen      total 18944K, used 18912K [0x00000000d5580000, 0x00000000d6e00000, 0x0000000100000000)
  eden space 16896K, 100% used [0x00000000d5580000,0x00000000d6600000,0x00000000d6600000)
  from space 2048K, 98% used [0x00000000d6880000,0x00000000d6a78010,0x00000000d6a80000)
  to   space 3584K, 0% used [0x00000000d6a80000,0x00000000d6a80000,0x00000000d6e00000)
 ParOldGen       total 75776K, used 74925K [0x0000000080000000, 0x0000000084a00000, 0x00000000d5580000)
  object space 75776K, 98% used [0x0000000080000000,0x000000008492b538,0x0000000084a00000)
 Metaspace       used 63057K, committed 64512K, reserved 1114112K
  class space    used 7391K, committed 8000K, reserved 1048576K
}
Event: 13.452 GC heap after
{Heap after GC invocations=53 (full 3):
 PSYoungGen      total 18944K, used 1920K [0x00000000d5580000, 0x00000000d6c80000, 0x0000000100000000)
  eden space 16896K, 0% used [0x00000000d5580000,0x00000000d5580000,0x00000000d6600000)
  from space 2048K, 93% used [0x00000000d6a80000,0x00000000d6c60000,0x00000000d6c80000)
  to   space 3072K, 0% used [0x00000000d6680000,0x00000000d6680000,0x00000000d6980000)
 ParOldGen       total 77312K, used 76925K [0x0000000080000000, 0x0000000084b80000, 0x00000000d5580000)
  object space 77312K, 99% used [0x0000000080000000,0x0000000084b1f548,0x0000000084b80000)
 Metaspace       used 63057K, committed 64512K, reserved 1114112K
  class space    used 7391K, committed 8000K, reserved 1048576K
}
Event: 13.510 GC heap before
{Heap before GC invocations=54 (full 3):
 PSYoungGen      total 18944K, used 18816K [0x00000000d5580000, 0x00000000d6c80000, 0x0000000100000000)
  eden space 16896K, 100% used [0x00000000d5580000,0x00000000d6600000,0x00000000d6600000)
  from space 2048K, 93% used [0x00000000d6a80000,0x00000000d6c60000,0x00000000d6c80000)
  to   space 3072K, 0% used [0x00000000d6680000,0x00000000d6680000,0x00000000d6980000)
 ParOldGen       total 77312K, used 76925K [0x0000000080000000, 0x0000000084b80000, 0x00000000d5580000)
  object space 77312K, 99% used [0x0000000080000000,0x0000000084b1f548,0x0000000084b80000)
 Metaspace       used 63392K, committed 64832K, reserved 1114112K
  class space    used 7426K, committed 8064K, reserved 1048576K
}
Event: 13.513 GC heap after
{Heap after GC invocations=54 (full 3):
 PSYoungGen      total 18432K, used 1389K [0x00000000d5580000, 0x00000000d6b00000, 0x0000000100000000)
  eden space 16896K, 0% used [0x00000000d5580000,0x00000000d5580000,0x00000000d6600000)
  from space 1536K, 90% used [0x00000000d6680000,0x00000000d67db700,0x00000000d6800000)
  to   space 2048K, 0% used [0x00000000d6900000,0x00000000d6900000,0x00000000d6b00000)
 ParOldGen       total 78848K, used 78629K [0x0000000080000000, 0x0000000084d00000, 0x00000000d5580000)
  object space 78848K, 99% used [0x0000000080000000,0x0000000084cc9748,0x0000000084d00000)
 Metaspace       used 63392K, committed 64832K, reserved 1114112K
  class space    used 7426K, committed 8064K, reserved 1048576K
}
Event: 111.669 GC heap before
{Heap before GC invocations=55 (full 3):
 PSYoungGen      total 18432K, used 18285K [0x00000000d5580000, 0x00000000d6b00000, 0x0000000100000000)
  eden space 16896K, 100% used [0x00000000d5580000,0x00000000d6600000,0x00000000d6600000)
  from space 1536K, 90% used [0x00000000d6680000,0x00000000d67db700,0x00000000d6800000)
  to   space 2048K, 0% used [0x00000000d6900000,0x00000000d6900000,0x00000000d6b00000)
 ParOldGen       total 78848K, used 78629K [0x0000000080000000, 0x0000000084d00000, 0x00000000d5580000)
  object space 78848K, 99% used [0x0000000080000000,0x0000000084cc9748,0x0000000084d00000)
 Metaspace       used 63885K, committed 65280K, reserved 1114112K
  class space    used 7474K, committed 8064K, reserved 1048576K
}
Event: 111.722 GC heap after
{Heap after GC invocations=55 (full 3):
 PSYoungGen      total 17920K, used 736K [0x00000000d5580000, 0x00000000d6a00000, 0x0000000100000000)
  eden space 16896K, 0% used [0x00000000d5580000,0x00000000d5580000,0x00000000d6600000)
  from space 1024K, 71% used [0x00000000d6900000,0x00000000d69b8060,0x00000000d6a00000)
  to   space 1536K, 0% used [0x00000000d6700000,0x00000000d6700000,0x00000000d6880000)
 ParOldGen       total 79872K, used 79707K [0x0000000080000000, 0x0000000084e00000, 0x00000000d5580000)
  object space 79872K, 99% used [0x0000000080000000,0x0000000084dd6c18,0x0000000084e00000)
 Metaspace       used 63885K, committed 65280K, reserved 1114112K
  class space    used 7474K, committed 8064K, reserved 1048576K
}
Event: 73584.963 GC heap before
{Heap before GC invocations=56 (full 3):
 PSYoungGen      total 17920K, used 17624K [0x00000000d5580000, 0x00000000d6a00000, 0x0000000100000000)
  eden space 16896K, 99% used [0x00000000d5580000,0x00000000d65fe398,0x00000000d6600000)
  from space 1024K, 71% used [0x00000000d6900000,0x00000000d69b8060,0x00000000d6a00000)
  to   space 1536K, 0% used [0x00000000d6700000,0x00000000d6700000,0x00000000d6880000)
 ParOldGen       total 79872K, used 79707K [0x0000000080000000, 0x0000000084e00000, 0x00000000d5580000)
  object space 79872K, 99% used [0x0000000080000000,0x0000000084dd6c18,0x0000000084e00000)
 Metaspace       used 64055K, committed 65472K, reserved 1114112K
  class space    used 7475K, committed 8064K, reserved 1048576K
}
Event: 73585.048 GC heap after
{Heap after GC invocations=56 (full 3):
 PSYoungGen      total 18432K, used 320K [0x00000000d5580000, 0x00000000d6980000, 0x0000000100000000)
  eden space 16896K, 0% used [0x00000000d5580000,0x00000000d5580000,0x00000000d6600000)
  from space 1536K, 20% used [0x00000000d6700000,0x00000000d6750000,0x00000000d6880000)
  to   space 1024K, 0% used [0x00000000d6880000,0x00000000d6880000,0x00000000d6980000)
 ParOldGen       total 80384K, used 80363K [0x0000000080000000, 0x0000000084e80000, 0x00000000d5580000)
  object space 80384K, 99% used [0x0000000080000000,0x0000000084e7ac88,0x0000000084e80000)
 Metaspace       used 64055K, committed 65472K, reserved 1114112K
  class space    used 7475K, committed 8064K, reserved 1048576K
}

