# JRE version: OpenJDK Runtime Environment Temurin-21.0.9+10 (21.0.9+10) (build 21.0.9+10-LTS)
# Java VM: OpenJDK 64-Bit Server VM Temurin-21.0.9+10 (21.0.9+10-LTS, mixed mode, sharing, tiered, compressed oops, compressed class ptrs, parallel gc, windows-amd64)
GC Precious Log:
 CardTable entry size: 512
 CPUs: 12 total, 12 available
 Memory: 7521M
 Large Page Support: Disabled
 NUMA Support: Disabled
 Compressed Oops: Enabled (32-bit)
 Alignments: Space 512K, Generation 512K, Heap 2M
 Heap Min Capacity: 100M
 Heap Initial Capacity: 100M
 Heap Max Capacity: 2G
 Pre-touch: Disabled
 Parallel Workers: 10
Heap:
 PSYoungGen      total 11264K, used 3043K [0x00000000d5580000, 0x00000000d6180000, 0x0000000100000000)
  eden space 10240K, 24% used [0x00000000d5580000,0x00000000d57f0c00,0x00000000d5f80000)
  from space 1024K, 53% used [0x00000000d6080000,0x00000000d6108020,0x00000000d6180000)
  to   space 1024K, 0% used [0x00000000d5f80000,0x00000000d5f80000,0x00000000d6080000)
 ParOldGen       total 68608K, used 67039K [0x0000000080000000, 0x0000000084300000, 0x00000000d5580000)
  object space 68608K, 97% used [0x0000000080000000,0x0000000084177c60,0x0000000084300000)
 Metaspace       used 62853K, committed 64192K, reserved 1114112K
  class space    used 7374K, committed 8000K, reserved 1048576K
GC Heap History (20 events):
Event: 11.781 GC heap before
{Heap before GC invocations=58 (full 3):
 PSYoungGen      total 10752K, used 10736K [0x00000000d5580000, 0x00000000d6580000, 0x0000000100000000)
  eden space 10240K, 100% used [0x00000000d5580000,0x00000000d5f80000,0x00000000d5f80000)
  from space 512K, 96% used [0x00000000d6300000,0x00000000d637c010,0x00000000d6380000)
  to   space 3072K, 0% used [0x00000000d5f80000,0x00000000d5f80000,0x00000000d6280000)
 ParOldGen       total 68608K, used 57353K [0x0000000080000000, 0x0000000084300000, 0x00000000d5580000)
  object space 68608K, 83% used [0x0000000080000000,0x00000000838027e0,0x0000000084300000)
 Metaspace       used 61913K, committed 63296K, reserved 1114112K
  class space    used 7309K, committed 7936K, reserved 1048576K
}
Event: 11.782 GC heap after
{Heap after GC invocations=58 (full 3):
 PSYoungGen      total 11776K, used 1506K [0x00000000d5580000, 0x00000000d6380000, 0x0000000100000000)
  eden space 10240K, 0% used [0x00000000d5580000,0x00000000d5580000,0x00000000d5f80000)
  from space 1536K, 98% used [0x00000000d5f80000,0x00000000d60f8800,0x00000000d6100000)
  to   space 2048K, 0% used [0x00000000d6180000,0x00000000d6180000,0x00000000d6380000)
 ParOldGen       total 68608K, used 57874K [0x0000000080000000, 0x0000000084300000, 0x00000000d5580000)
  object space 68608K, 84% used [0x0000000080000000,0x0000000083884810,0x0000000084300000)
 Metaspace       used 61913K, committed 63296K, reserved 1114112K
  class space    used 7309K, committed 7936K, reserved 1048576K
}
Event: 11.803 GC heap before
{Heap before GC invocations=59 (full 3):
 PSYoungGen      total 11776K, used 11746K [0x00000000d5580000, 0x00000000d6380000, 0x0000000100000000)
  eden space 10240K, 100% used [0x00000000d5580000,0x00000000d5f80000,0x00000000d5f80000)
  from space 1536K, 98% used [0x00000000d5f80000,0x00000000d60f8800,0x00000000d6100000)
  to   space 2048K, 0% used [0x00000000d6180000,0x00000000d6180000,0x00000000d6380000)
 ParOldGen       total 68608K, used 57874K [0x0000000080000000, 0x0000000084300000, 0x00000000d5580000)
  object space 68608K, 84% used [0x0000000080000000,0x0000000083884810,0x0000000084300000)
 Metaspace       used 61919K, committed 63296K, reserved 1114112K
  class space    used 7309K, committed 7936K, reserved 1048576K
}
Event: 11.805 GC heap after
{Heap after GC invocations=59 (full 3):
 PSYoungGen      total 11776K, used 1120K [0x00000000d5580000, 0x00000000d6300000, 0x0000000100000000)
  eden space 10240K, 0% used [0x00000000d5580000,0x00000000d5580000,0x00000000d5f80000)
  from space 1536K, 72% used [0x00000000d6180000,0x00000000d6298000,0x00000000d6300000)
  to   space 1536K, 0% used [0x00000000d5f80000,0x00000000d5f80000,0x00000000d6100000)
 ParOldGen       total 68608K, used 59274K [0x0000000080000000, 0x0000000084300000, 0x00000000d5580000)
  object space 68608K, 86% used [0x0000000080000000,0x00000000839e29c0,0x0000000084300000)
 Metaspace       used 61919K, committed 63296K, reserved 1114112K
  class space    used 7309K, committed 7936K, reserved 1048576K
}
Event: 11.831 GC heap before
{Heap before GC invocations=60 (full 3):
 PSYoungGen      total 11776K, used 11359K [0x00000000d5580000, 0x00000000d6300000, 0x0000000100000000)
  eden space 10240K, 99% used [0x00000000d5580000,0x00000000d5f7fff8,0x00000000d5f80000)
  from space 1536K, 72% used [0x00000000d6180000,0x00000000d6298000,0x00000000d6300000)
  to   space 1536K, 0% used [0x00000000d5f80000,0x00000000d5f80000,0x00000000d6100000)
 ParOldGen       total 68608K, used 59274K [0x0000000080000000, 0x0000000084300000, 0x00000000d5580000)
  object space 68608K, 86% used [0x0000000080000000,0x00000000839e29c0,0x0000000084300000)
 Metaspace       used 61923K, committed 63296K, reserved 1114112K
  class space    used 7309K, committed 7936K, reserved 1048576K
}
Event: 11.833 GC heap after
{Heap after GC invocations=60 (full 3):
 PSYoungGen      total 11776K, used 1380K [0x00000000d5580000, 0x00000000d6280000, 0x0000000100000000)
  eden space 10240K, 0% used [0x00000000d5580000,0x00000000d5580000,0x00000000d5f80000)
  from space 1536K, 89% used [0x00000000d5f80000,0x00000000d60d9000,0x00000000d6100000)
  to   space 1536K, 0% used [0x00000000d6100000,0x00000000d6100000,0x00000000d6280000)
 ParOldGen       total 68608K, used 60162K [0x0000000080000000, 0x0000000084300000, 0x00000000d5580000)
  object space 68608K, 87% used [0x0000000080000000,0x0000000083ac09f0,0x0000000084300000)
 Metaspace       used 61923K, committed 63296K, reserved 1114112K
  class space    used 7309K, committed 7936K, reserved 1048576K
}
Event: 11.850 GC heap before
{Heap before GC invocations=61 (full 3):
 PSYoungGen      total 11776K, used 11620K [0x00000000d5580000, 0x00000000d6280000, 0x0000000100000000)
  eden space 10240K, 100% used [0x00000000d5580000,0x00000000d5f80000,0x00000000d5f80000)
  from space 1536K, 89% used [0x00000000d5f80000,0x00000000d60d9000,0x00000000d6100000)
  to   space 1536K, 0% used [0x00000000d6100000,0x00000000d6100000,0x00000000d6280000)
 ParOldGen       total 68608K, used 60162K [0x0000000080000000, 0x0000000084300000, 0x00000000d5580000)
  object space 68608K, 87% used [0x0000000080000000,0x0000000083ac09f0,0x0000000084300000)
 Metaspace       used 61926K, committed 63296K, reserved 1114112K
  class space    used 7309K, committed 7936K, reserved 1048576K
}
Event: 11.851 GC heap after
{Heap after GC invocations=61 (full 3):
 PSYoungGen      total 11776K, used 1216K [0x00000000d5580000, 0x00000000d6280000, 0x0000000100000000)
  eden space 10240K, 0% used [0x00000000d5580000,0x00000000d5580000,0x00000000d5f80000)
  from space 1536K, 79% used [0x00000000d6100000,0x00000000d6230000,0x00000000d6280000)
  to   space 1536K, 0% used [0x00000000d5f80000,0x00000000d5f80000,0x00000000d6100000)
 ParOldGen       total 68608K, used 61400K [0x0000000080000000, 0x0000000084300000, 0x00000000d5580000)
  object space 68608K, 89% used [0x0000000080000000,0x0000000083bf6018,0x0000000084300000)
 Metaspace       used 61926K, committed 63296K, reserved 1114112K
  class space    used 7309K, committed 7936K, reserved 1048576K
}
Event: 11.872 GC heap before
{Heap before GC invocations=62 (full 3):
 PSYoungGen      total 11776K, used 11456K [0x00000000d5580000, 0x00000000d6280000, 0x0000000100000000)
  eden space 10240K, 100% used [0x00000000d5580000,0x00000000d5f80000,0x00000000d5f80000)
  from space 1536K, 79% used [0x00000000d6100000,0x00000000d6230000,0x00000000d6280000)
  to   space 1536K, 0% used [0x00000000d5f80000,0x00000000d5f80000,0x00000000d6100000)
 ParOldGen       total 68608K, used 61400K [0x0000000080000000, 0x0000000084300000, 0x00000000d5580000)
  object space 68608K, 89% used [0x0000000080000000,0x0000000083bf6018,0x0000000084300000)
 Metaspace       used 61937K, committed 63296K, reserved 1114112K
  class space    used 7310K, committed 7936K, reserved 1048576K
}
Event: 11.874 GC heap after
{Heap after GC invocations=62 (full 3):
 PSYoungGen      total 11776K, used 1312K [0x00000000d5580000, 0x00000000d6280000, 0x0000000100000000)
  eden space 10240K, 0% used [0x00000000d5580000,0x00000000d5580000,0x00000000d5f80000)
  from space 1536K, 85% used [0x00000000d5f80000,0x00000000d60c8010,0x00000000d6100000)
  to   space 1536K, 0% used [0x00000000d6100000,0x00000000d6100000,0x00000000d6280000)
 ParOldGen       total 68608K, used 62472K [0x0000000080000000, 0x0000000084300000, 0x00000000d5580000)
  object space 68608K, 91% used [0x0000000080000000,0x0000000083d02018,0x0000000084300000)
 Metaspace       used 61937K, committed 63296K, reserved 1114112K
  class space    used 7310K, committed 7936K, reserved 1048576K
}
Event: 11.893 GC heap before
{Heap before GC invocations=63 (full 3):
 PSYoungGen      total 11776K, used 11552K [0x00000000d5580000, 0x00000000d6280000, 0x0000000100000000)
  eden space 10240K, 100% used [0x00000000d5580000,0x00000000d5f80000,0x00000000d5f80000)
  from space 1536K, 85% used [0x00000000d5f80000,0x00000000d60c8010,0x00000000d6100000)
  to   space 1536K, 0% used [0x00000000d6100000,0x00000000d6100000,0x00000000d6280000)
 ParOldGen       total 68608K, used 62472K [0x0000000080000000, 0x0000000084300000, 0x00000000d5580000)
  object space 68608K, 91% used [0x0000000080000000,0x0000000083d02018,0x0000000084300000)
 Metaspace       used 61956K, committed 63296K, reserved 1114112K
  class space    used 7310K, committed 7936K, reserved 1048576K
}
Event: 11.894 GC heap after
{Heap after GC invocations=63 (full 3):
 PSYoungGen      total 11776K, used 1184K [0x00000000d5580000, 0x00000000d6280000, 0x0000000100000000)
  eden space 10240K, 0% used [0x00000000d5580000,0x00000000d5580000,0x00000000d5f80000)
  from space 1536K, 77% used [0x00000000d6100000,0x00000000d6228000,0x00000000d6280000)
  to   space 1536K, 0% used [0x00000000d5f80000,0x00000000d5f80000,0x00000000d6100000)
 ParOldGen       total 68608K, used 63696K [0x0000000080000000, 0x0000000084300000, 0x00000000d5580000)
  object space 68608K, 92% used [0x0000000080000000,0x0000000083e34028,0x0000000084300000)
 Metaspace       used 61956K, committed 63296K, reserved 1114112K
  class space    used 7310K, committed 7936K, reserved 1048576K
}
Event: 11.913 GC heap before
{Heap before GC invocations=64 (full 3):
 PSYoungGen      total 11776K, used 11424K [0x00000000d5580000, 0x00000000d6280000, 0x0000000100000000)
  eden space 10240K, 100% used [0x00000000d5580000,0x00000000d5f80000,0x00000000d5f80000)
  from space 1536K, 77% used [0x00000000d6100000,0x00000000d6228000,0x00000000d6280000)
  to   space 1536K, 0% used [0x00000000d5f80000,0x00000000d5f80000,0x00000000d6100000)
 ParOldGen       total 68608K, used 63696K [0x0000000080000000, 0x0000000084300000, 0x00000000d5580000)
  object space 68608K, 92% used [0x0000000080000000,0x0000000083e34028,0x0000000084300000)
 Metaspace       used 61965K, committed 63360K, reserved 1114112K
  class space    used 7310K, committed 7936K, reserved 1048576K
}
Event: 11.914 GC heap after
{Heap after GC invocations=64 (full 3):
 PSYoungGen      total 11776K, used 1112K [0x00000000d5580000, 0x00000000d6280000, 0x0000000100000000)
  eden space 10240K, 0% used [0x00000000d5580000,0x00000000d5580000,0x00000000d5f80000)
  from space 1536K, 72% used [0x00000000d5f80000,0x00000000d6096200,0x00000000d6100000)
  to   space 1536K, 0% used [0x00000000d6100000,0x00000000d6100000,0x00000000d6280000)
 ParOldGen       total 68608K, used 64696K [0x0000000080000000, 0x0000000084300000, 0x00000000d5580000)
  object space 68608K, 94% used [0x0000000080000000,0x0000000083f2e028,0x0000000084300000)
 Metaspace       used 61965K, committed 63360K, reserved 1114112K
  class space    used 7310K, committed 7936K, reserved 1048576K
}
Event: 31.931 GC heap before
{Heap before GC invocations=65 (full 3):
 PSYoungGen      total 11776K, used 11352K [0x00000000d5580000, 0x00000000d6280000, 0x0000000100000000)
  eden space 10240K, 100% used [0x00000000d5580000,0x00000000d5f80000,0x00000000d5f80000)
  from space 1536K, 72% used [0x00000000d5f80000,0x00000000d6096200,0x00000000d6100000)
  to   space 1536K, 0% used [0x00000000d6100000,0x00000000d6100000,0x00000000d6280000)
 ParOldGen       total 68608K, used 64696K [0x0000000080000000, 0x0000000084300000, 0x00000000d5580000)
  object space 68608K, 94% used [0x0000000080000000,0x0000000083f2e028,0x0000000084300000)
 Metaspace       used 62440K, committed 63744K, reserved 1114112K
  class space    used 7359K, committed 7936K, reserved 1048576K
}
Event: 31.933 GC heap after
{Heap after GC invocations=65 (full 3):
 PSYoungGen      total 11776K, used 1392K [0x00000000d5580000, 0x00000000d6280000, 0x0000000100000000)
  eden space 10240K, 0% used [0x00000000d5580000,0x00000000d5580000,0x00000000d5f80000)
  from space 1536K, 90% used [0x00000000d6100000,0x00000000d625c060,0x00000000d6280000)
  to   space 1536K, 0% used [0x00000000d5f80000,0x00000000d5f80000,0x00000000d6100000)
 ParOldGen       total 68608K, used 65696K [0x0000000080000000, 0x0000000084300000, 0x00000000d5580000)
  object space 68608K, 95% used [0x0000000080000000,0x0000000084028228,0x0000000084300000)
 Metaspace       used 62440K, committed 63744K, reserved 1114112K
  class space    used 7359K, committed 7936K, reserved 1048576K
}
Event: 1568.157 GC heap before
{Heap before GC invocations=66 (full 3):
 PSYoungGen      total 11776K, used 11632K [0x00000000d5580000, 0x00000000d6280000, 0x0000000100000000)
  eden space 10240K, 99% used [0x00000000d5580000,0x00000000d5f7fff0,0x00000000d5f80000)
  from space 1536K, 90% used [0x00000000d6100000,0x00000000d625c060,0x00000000d6280000)
  to   space 1536K, 0% used [0x00000000d5f80000,0x00000000d5f80000,0x00000000d6100000)
 ParOldGen       total 68608K, used 65696K [0x0000000080000000, 0x0000000084300000, 0x00000000d5580000)
  object space 68608K, 95% used [0x0000000080000000,0x0000000084028228,0x0000000084300000)
 Metaspace       used 62759K, committed 64128K, reserved 1114112K
  class space    used 7374K, committed 8000K, reserved 1048576K
}
Event: 1568.274 GC heap after
{Heap after GC invocations=66 (full 3):
 PSYoungGen      total 11264K, used 608K [0x00000000d5580000, 0x00000000d6180000, 0x0000000100000000)
  eden space 10240K, 0% used [0x00000000d5580000,0x00000000d5580000,0x00000000d5f80000)
  from space 1024K, 59% used [0x00000000d5f80000,0x00000000d6018000,0x00000000d6080000)
  to   space 1024K, 0% used [0x00000000d6080000,0x00000000d6080000,0x00000000d6180000)
 ParOldGen       total 68608K, used 66481K [0x0000000080000000, 0x0000000084300000, 0x00000000d5580000)
  object space 68608K, 96% used [0x0000000080000000,0x00000000840ec718,0x0000000084300000)
 Metaspace       used 62759K, committed 64128K, reserved 1114112K
  class space    used 7374K, committed 8000K, reserved 1048576K
}
Event: 11089.905 GC heap before
{Heap before GC invocations=67 (full 3):
 PSYoungGen      total 11264K, used 10848K [0x00000000d5580000, 0x00000000d6180000, 0x0000000100000000)
  eden space 10240K, 100% used [0x00000000d5580000,0x00000000d5f80000,0x00000000d5f80000)
  from space 1024K, 59% used [0x00000000d5f80000,0x00000000d6018000,0x00000000d6080000)
  to   space 1024K, 0% used [0x00000000d6080000,0x00000000d6080000,0x00000000d6180000)
 ParOldGen       total 68608K, used 66481K [0x0000000080000000, 0x0000000084300000, 0x00000000d5580000)
  object space 68608K, 96% used [0x0000000080000000,0x00000000840ec718,0x0000000084300000)
 Metaspace       used 62795K, committed 64192K, reserved 1114112K
  class space    used 7374K, committed 8000K, reserved 1048576K
}
Event: 11089.977 GC heap after
{Heap after GC invocations=67 (full 3):
 PSYoungGen      total 11264K, used 544K [0x00000000d5580000, 0x00000000d6180000, 0x0000000100000000)
  eden space 10240K, 0% used [0x00000000d5580000,0x00000000d5580000,0x00000000d5f80000)
  from space 1024K, 53% used [0x00000000d6080000,0x00000000d6108020,0x00000000d6180000)
  to   space 1024K, 0% used [0x00000000d5f80000,0x00000000d5f80000,0x00000000d6080000)
 ParOldGen       total 68608K, used 67039K [0x0000000080000000, 0x0000000084300000, 0x00000000d5580000)
  object space 68608K, 97% used [0x0000000080000000,0x0000000084177c60,0x0000000084300000)
 Metaspace       used 62795K, committed 64192K, reserved 1114112K
  class space    used 7374K, committed 8000K, reserved 1048576K
}

