# JRE version: OpenJDK Runtime Environment Temurin-21.0.8+9 (21.0.8+9) (build 21.0.8+9-LTS)
# Java VM: OpenJDK 64-Bit Server VM Temurin-21.0.8+9 (21.0.8+9-LTS, mixed mode, sharing, tiered, compressed oops, compressed class ptrs, parallel gc, windows-amd64)
GC Precious Log:
 CardTable entry size: 512
 CPUs: 12 total, 12 available
 Memory: 7521M
 Large Page Support: Disabled
 NUMA Support: Disabled
 Compressed Oops: Enabled (32-bit)
 Alignments: Space 512K, Generation 512K, Heap 2M
 Heap Min Capacity: 100M
 Heap Initial Capacity: 100M
 Heap Max Capacity: 2G
 Pre-touch: Disabled
 Parallel Workers: 10
Heap:
 PSYoungGen      total 20480K, used 18091K [0x00000000d5580000, 0x00000000d6b80000, 0x0000000100000000)
  eden space 18944K, 89% used [0x00000000d5580000,0x00000000d6622f78,0x00000000d6800000)
  from space 1536K, 68% used [0x00000000d6880000,0x00000000d6988020,0x00000000d6a00000)
  to   space 1536K, 0% used [0x00000000d6a00000,0x00000000d6a00000,0x00000000d6b80000)
 ParOldGen       total 79360K, used 79038K [0x0000000080000000, 0x0000000084d80000, 0x00000000d5580000)
  object space 79360K, 99% used [0x0000000080000000,0x0000000084d2f8c0,0x0000000084d80000)
 Metaspace       used 64647K, committed 65984K, reserved 1114112K
  class space    used 7556K, committed 8128K, reserved 1048576K
GC Heap History (20 events):
Event: 16.746 GC heap before
{Heap before GC invocations=35 (full 3):
 PSYoungGen      total 22528K, used 22464K [0x00000000d5580000, 0x00000000d7180000, 0x0000000100000000)
  eden space 22016K, 100% used [0x00000000d5580000,0x00000000d6b00000,0x00000000d6b00000)
  from space 512K, 87% used [0x00000000d7000000,0x00000000d7070000,0x00000000d7080000)
  to   space 1024K, 0% used [0x00000000d7080000,0x00000000d7080000,0x00000000d7180000)
 ParOldGen       total 69632K, used 56758K [0x0000000080000000, 0x0000000084400000, 0x00000000d5580000)
  object space 69632K, 81% used [0x0000000080000000,0x000000008376da50,0x0000000084400000)
 Metaspace       used 60443K, committed 61824K, reserved 1114112K
  class space    used 7148K, committed 7744K, reserved 1048576K
}
Event: 16.750 GC heap after
{Heap after GC invocations=35 (full 3):
 PSYoungGen      total 20992K, used 994K [0x00000000d5580000, 0x00000000d7a00000, 0x0000000100000000)
  eden space 19968K, 0% used [0x00000000d5580000,0x00000000d5580000,0x00000000d6900000)
  from space 1024K, 97% used [0x00000000d7080000,0x00000000d7178a18,0x00000000d7180000)
  to   space 7680K, 0% used [0x00000000d6900000,0x00000000d6900000,0x00000000d7080000)
 ParOldGen       total 69632K, used 62088K [0x0000000080000000, 0x0000000084400000, 0x00000000d5580000)
  object space 69632K, 89% used [0x0000000080000000,0x0000000083ca2300,0x0000000084400000)
 Metaspace       used 60443K, committed 61824K, reserved 1114112K
  class space    used 7148K, committed 7744K, reserved 1048576K
}
Event: 17.215 GC heap before
{Heap before GC invocations=36 (full 3):
 PSYoungGen      total 20992K, used 20962K [0x00000000d5580000, 0x00000000d7a00000, 0x0000000100000000)
  eden space 19968K, 100% used [0x00000000d5580000,0x00000000d6900000,0x00000000d6900000)
  from space 1024K, 97% used [0x00000000d7080000,0x00000000d7178a18,0x00000000d7180000)
  to   space 7680K, 0% used [0x00000000d6900000,0x00000000d6900000,0x00000000d7080000)
 ParOldGen       total 69632K, used 62088K [0x0000000080000000, 0x0000000084400000, 0x00000000d5580000)
  object space 69632K, 89% used [0x0000000080000000,0x0000000083ca2300,0x0000000084400000)
 Metaspace       used 61659K, committed 63104K, reserved 1114112K
  class space    used 7254K, committed 7872K, reserved 1048576K
}
Event: 17.220 GC heap after
{Heap after GC invocations=36 (full 3):
 PSYoungGen      total 22528K, used 2064K [0x00000000d5580000, 0x00000000d7100000, 0x0000000100000000)
  eden space 19968K, 0% used [0x00000000d5580000,0x00000000d5580000,0x00000000d6900000)
  from space 2560K, 80% used [0x00000000d6900000,0x00000000d6b04030,0x00000000d6b80000)
  to   space 3584K, 0% used [0x00000000d6d80000,0x00000000d6d80000,0x00000000d7100000)
 ParOldGen       total 69632K, used 62489K [0x0000000080000000, 0x0000000084400000, 0x00000000d5580000)
  object space 69632K, 89% used [0x0000000080000000,0x0000000083d06640,0x0000000084400000)
 Metaspace       used 61659K, committed 63104K, reserved 1114112K
  class space    used 7254K, committed 7872K, reserved 1048576K
}
Event: 17.313 GC heap before
{Heap before GC invocations=37 (full 3):
 PSYoungGen      total 22528K, used 22032K [0x00000000d5580000, 0x00000000d7100000, 0x0000000100000000)
  eden space 19968K, 100% used [0x00000000d5580000,0x00000000d6900000,0x00000000d6900000)
  from space 2560K, 80% used [0x00000000d6900000,0x00000000d6b04030,0x00000000d6b80000)
  to   space 3584K, 0% used [0x00000000d6d80000,0x00000000d6d80000,0x00000000d7100000)
 ParOldGen       total 69632K, used 62489K [0x0000000080000000, 0x0000000084400000, 0x00000000d5580000)
  object space 69632K, 89% used [0x0000000080000000,0x0000000083d06640,0x0000000084400000)
 Metaspace       used 61694K, committed 63104K, reserved 1114112K
  class space    used 7254K, committed 7872K, reserved 1048576K
}
Event: 17.318 GC heap after
{Heap after GC invocations=37 (full 3):
 PSYoungGen      total 22528K, used 2272K [0x00000000d5580000, 0x00000000d7000000, 0x0000000100000000)
  eden space 19968K, 0% used [0x00000000d5580000,0x00000000d5580000,0x00000000d6900000)
  from space 2560K, 88% used [0x00000000d6d80000,0x00000000d6fb8010,0x00000000d7000000)
  to   space 2560K, 0% used [0x00000000d6900000,0x00000000d6900000,0x00000000d6b80000)
 ParOldGen       total 69632K, used 64355K [0x0000000080000000, 0x0000000084400000, 0x00000000d5580000)
  object space 69632K, 92% used [0x0000000080000000,0x0000000083ed8cc8,0x0000000084400000)
 Metaspace       used 61694K, committed 63104K, reserved 1114112K
  class space    used 7254K, committed 7872K, reserved 1048576K
}
Event: 17.418 GC heap before
{Heap before GC invocations=38 (full 3):
 PSYoungGen      total 22528K, used 22239K [0x00000000d5580000, 0x00000000d7000000, 0x0000000100000000)
  eden space 19968K, 99% used [0x00000000d5580000,0x00000000d68fffe8,0x00000000d6900000)
  from space 2560K, 88% used [0x00000000d6d80000,0x00000000d6fb8010,0x00000000d7000000)
  to   space 2560K, 0% used [0x00000000d6900000,0x00000000d6900000,0x00000000d6b80000)
 ParOldGen       total 69632K, used 64355K [0x0000000080000000, 0x0000000084400000, 0x00000000d5580000)
  object space 69632K, 92% used [0x0000000080000000,0x0000000083ed8cc8,0x0000000084400000)
 Metaspace       used 62123K, committed 63552K, reserved 1114112K
  class space    used 7326K, committed 7936K, reserved 1048576K
}
Event: 17.421 GC heap after
{Heap after GC invocations=38 (full 3):
 PSYoungGen      total 22528K, used 2545K [0x00000000d5580000, 0x00000000d7400000, 0x0000000100000000)
  eden space 19968K, 0% used [0x00000000d5580000,0x00000000d5580000,0x00000000d6900000)
  from space 2560K, 99% used [0x00000000d6900000,0x00000000d6b7c4d0,0x00000000d6b80000)
  to   space 5632K, 0% used [0x00000000d6e80000,0x00000000d6e80000,0x00000000d7400000)
 ParOldGen       total 69632K, used 66595K [0x0000000080000000, 0x0000000084400000, 0x00000000d5580000)
  object space 69632K, 95% used [0x0000000080000000,0x0000000084108cd8,0x0000000084400000)
 Metaspace       used 62123K, committed 63552K, reserved 1114112K
  class space    used 7326K, committed 7936K, reserved 1048576K
}
Event: 17.480 GC heap before
{Heap before GC invocations=39 (full 3):
 PSYoungGen      total 22528K, used 22513K [0x00000000d5580000, 0x00000000d7400000, 0x0000000100000000)
  eden space 19968K, 100% used [0x00000000d5580000,0x00000000d6900000,0x00000000d6900000)
  from space 2560K, 99% used [0x00000000d6900000,0x00000000d6b7c4d0,0x00000000d6b80000)
  to   space 5632K, 0% used [0x00000000d6e80000,0x00000000d6e80000,0x00000000d7400000)
 ParOldGen       total 69632K, used 66595K [0x0000000080000000, 0x0000000084400000, 0x00000000d5580000)
  object space 69632K, 95% used [0x0000000080000000,0x0000000084108cd8,0x0000000084400000)
 Metaspace       used 62148K, committed 63680K, reserved 1114112K
  class space    used 7327K, committed 8000K, reserved 1048576K
}
Event: 17.484 GC heap after
{Heap after GC invocations=39 (full 3):
 PSYoungGen      total 23040K, used 2722K [0x00000000d5580000, 0x00000000d7180000, 0x0000000100000000)
  eden space 19968K, 0% used [0x00000000d5580000,0x00000000d5580000,0x00000000d6900000)
  from space 3072K, 88% used [0x00000000d6e80000,0x00000000d7128810,0x00000000d7180000)
  to   space 3584K, 0% used [0x00000000d6a80000,0x00000000d6a80000,0x00000000d6e00000)
 ParOldGen       total 69632K, used 69017K [0x0000000080000000, 0x0000000084400000, 0x00000000d5580000)
  object space 69632K, 99% used [0x0000000080000000,0x0000000084366788,0x0000000084400000)
 Metaspace       used 62148K, committed 63680K, reserved 1114112K
  class space    used 7327K, committed 8000K, reserved 1048576K
}
Event: 17.546 GC heap before
{Heap before GC invocations=40 (full 3):
 PSYoungGen      total 23040K, used 22690K [0x00000000d5580000, 0x00000000d7180000, 0x0000000100000000)
  eden space 19968K, 100% used [0x00000000d5580000,0x00000000d6900000,0x00000000d6900000)
  from space 3072K, 88% used [0x00000000d6e80000,0x00000000d7128810,0x00000000d7180000)
  to   space 3584K, 0% used [0x00000000d6a80000,0x00000000d6a80000,0x00000000d6e00000)
 ParOldGen       total 69632K, used 69017K [0x0000000080000000, 0x0000000084400000, 0x00000000d5580000)
  object space 69632K, 99% used [0x0000000080000000,0x0000000084366788,0x0000000084400000)
 Metaspace       used 62189K, committed 63680K, reserved 1114112K
  class space    used 7327K, committed 8000K, reserved 1048576K
}
Event: 17.550 GC heap after
{Heap after GC invocations=40 (full 3):
 PSYoungGen      total 22528K, used 2404K [0x00000000d5580000, 0x00000000d6f00000, 0x0000000100000000)
  eden space 19968K, 0% used [0x00000000d5580000,0x00000000d5580000,0x00000000d6900000)
  from space 2560K, 93% used [0x00000000d6a80000,0x00000000d6cd9000,0x00000000d6d00000)
  to   space 2048K, 0% used [0x00000000d6d00000,0x00000000d6d00000,0x00000000d6f00000)
 ParOldGen       total 71680K, used 71384K [0x0000000080000000, 0x0000000084600000, 0x00000000d5580000)
  object space 71680K, 99% used [0x0000000080000000,0x00000000845b6148,0x0000000084600000)
 Metaspace       used 62189K, committed 63680K, reserved 1114112K
  class space    used 7327K, committed 8000K, reserved 1048576K
}
Event: 17.635 GC heap before
{Heap before GC invocations=41 (full 3):
 PSYoungGen      total 22528K, used 22372K [0x00000000d5580000, 0x00000000d6f00000, 0x0000000100000000)
  eden space 19968K, 100% used [0x00000000d5580000,0x00000000d6900000,0x00000000d6900000)
  from space 2560K, 93% used [0x00000000d6a80000,0x00000000d6cd9000,0x00000000d6d00000)
  to   space 2048K, 0% used [0x00000000d6d00000,0x00000000d6d00000,0x00000000d6f00000)
 ParOldGen       total 71680K, used 71384K [0x0000000080000000, 0x0000000084600000, 0x00000000d5580000)
  object space 71680K, 99% used [0x0000000080000000,0x00000000845b6148,0x0000000084600000)
 Metaspace       used 62265K, committed 63744K, reserved 1114112K
  class space    used 7327K, committed 8000K, reserved 1048576K
}
Event: 17.639 GC heap after
{Heap after GC invocations=41 (full 3):
 PSYoungGen      total 20992K, used 2016K [0x00000000d5580000, 0x00000000d7300000, 0x0000000100000000)
  eden space 18944K, 0% used [0x00000000d5580000,0x00000000d5580000,0x00000000d6800000)
  from space 2048K, 98% used [0x00000000d6d00000,0x00000000d6ef8010,0x00000000d6f00000)
  to   space 5120K, 0% used [0x00000000d6800000,0x00000000d6800000,0x00000000d6d00000)
 ParOldGen       total 74240K, used 73928K [0x0000000080000000, 0x0000000084880000, 0x00000000d5580000)
  object space 74240K, 99% used [0x0000000080000000,0x00000000848321c0,0x0000000084880000)
 Metaspace       used 62265K, committed 63744K, reserved 1114112K
  class space    used 7327K, committed 8000K, reserved 1048576K
}
Event: 17.716 GC heap before
{Heap before GC invocations=42 (full 3):
 PSYoungGen      total 20992K, used 20960K [0x00000000d5580000, 0x00000000d7300000, 0x0000000100000000)
  eden space 18944K, 100% used [0x00000000d5580000,0x00000000d6800000,0x00000000d6800000)
  from space 2048K, 98% used [0x00000000d6d00000,0x00000000d6ef8010,0x00000000d6f00000)
  to   space 5120K, 0% used [0x00000000d6800000,0x00000000d6800000,0x00000000d6d00000)
 ParOldGen       total 74240K, used 73928K [0x0000000080000000, 0x0000000084880000, 0x00000000d5580000)
  object space 74240K, 99% used [0x0000000080000000,0x00000000848321c0,0x0000000084880000)
 Metaspace       used 62317K, committed 63744K, reserved 1114112K
  class space    used 7327K, committed 8000K, reserved 1048576K
}
Event: 17.720 GC heap after
{Heap after GC invocations=42 (full 3):
 PSYoungGen      total 21504K, used 2144K [0x00000000d5580000, 0x00000000d6e00000, 0x0000000100000000)
  eden space 18944K, 0% used [0x00000000d5580000,0x00000000d5580000,0x00000000d6800000)
  from space 2560K, 83% used [0x00000000d6800000,0x00000000d6a18000,0x00000000d6a80000)
  to   space 3072K, 0% used [0x00000000d6b00000,0x00000000d6b00000,0x00000000d6e00000)
 ParOldGen       total 76288K, used 75960K [0x0000000080000000, 0x0000000084a80000, 0x00000000d5580000)
  object space 76288K, 99% used [0x0000000080000000,0x0000000084a2e1d0,0x0000000084a80000)
 Metaspace       used 62317K, committed 63744K, reserved 1114112K
  class space    used 7327K, committed 8000K, reserved 1048576K
}
Event: 17.833 GC heap before
{Heap before GC invocations=43 (full 3):
 PSYoungGen      total 21504K, used 21088K [0x00000000d5580000, 0x00000000d6e00000, 0x0000000100000000)
  eden space 18944K, 100% used [0x00000000d5580000,0x00000000d6800000,0x00000000d6800000)
  from space 2560K, 83% used [0x00000000d6800000,0x00000000d6a18000,0x00000000d6a80000)
  to   space 3072K, 0% used [0x00000000d6b00000,0x00000000d6b00000,0x00000000d6e00000)
 ParOldGen       total 76288K, used 75960K [0x0000000080000000, 0x0000000084a80000, 0x00000000d5580000)
  object space 76288K, 99% used [0x0000000080000000,0x0000000084a2e1d0,0x0000000084a80000)
 Metaspace       used 62682K, committed 64064K, reserved 1114112K
  class space    used 7370K, committed 8000K, reserved 1048576K
}
Event: 17.836 GC heap after
{Heap after GC invocations=43 (full 3):
 PSYoungGen      total 20480K, used 1408K [0x00000000d5580000, 0x00000000d6c80000, 0x0000000100000000)
  eden space 18944K, 0% used [0x00000000d5580000,0x00000000d5580000,0x00000000d6800000)
  from space 1536K, 91% used [0x00000000d6b00000,0x00000000d6c60040,0x00000000d6c80000)
  to   space 2048K, 0% used [0x00000000d6880000,0x00000000d6880000,0x00000000d6a80000)
 ParOldGen       total 78336K, used 77864K [0x0000000080000000, 0x0000000084c80000, 0x00000000d5580000)
  object space 78336K, 99% used [0x0000000080000000,0x0000000084c0a3d0,0x0000000084c80000)
 Metaspace       used 62682K, committed 64064K, reserved 1114112K
  class space    used 7370K, committed 8000K, reserved 1048576K
}
Event: 48.076 GC heap before
{Heap before GC invocations=44 (full 3):
 PSYoungGen      total 20480K, used 20351K [0x00000000d5580000, 0x00000000d6c80000, 0x0000000100000000)
  eden space 18944K, 99% used [0x00000000d5580000,0x00000000d67ffd10,0x00000000d6800000)
  from space 1536K, 91% used [0x00000000d6b00000,0x00000000d6c60040,0x00000000d6c80000)
  to   space 2048K, 0% used [0x00000000d6880000,0x00000000d6880000,0x00000000d6a80000)
 ParOldGen       total 78336K, used 77864K [0x0000000080000000, 0x0000000084c80000, 0x00000000d5580000)
  object space 78336K, 99% used [0x0000000080000000,0x0000000084c0a3d0,0x0000000084c80000)
 Metaspace       used 63627K, committed 65088K, reserved 1114112K
  class space    used 7453K, committed 8064K, reserved 1048576K
}
Event: 48.128 GC heap after
{Heap after GC invocations=44 (full 3):
 PSYoungGen      total 20480K, used 1056K [0x00000000d5580000, 0x00000000d6b80000, 0x0000000100000000)
  eden space 18944K, 0% used [0x00000000d5580000,0x00000000d5580000,0x00000000d6800000)
  from space 1536K, 68% used [0x00000000d6880000,0x00000000d6988020,0x00000000d6a00000)
  to   space 1536K, 0% used [0x00000000d6a00000,0x00000000d6a00000,0x00000000d6b80000)
 ParOldGen       total 79360K, used 79038K [0x0000000080000000, 0x0000000084d80000, 0x00000000d5580000)
  object space 79360K, 99% used [0x0000000080000000,0x0000000084d2f8c0,0x0000000084d80000)
 Metaspace       used 63627K, committed 65088K, reserved 1114112K
  class space    used 7453K, committed 8064K, reserved 1048576K
}

