# JRE version: OpenJDK Runtime Environment Temurin-17.0.13+11 (17.0.13+11) (build 17.0.13+11)
# Java VM: OpenJDK 64-Bit Server VM Temurin-17.0.13+11 (17.0.13+11, mixed mode, sharing, tiered, compressed oops, compressed class ptrs, g1 gc, windows-amd64)
GC Precious Log:
 CPUs: 12 total, 12 available
 Memory: 7521M
 Large Page Support: Disabled
 NUMA Support: Disabled
 Compressed Oops: Enabled (32-bit)
 Heap Region Size: 1M
 Heap Min Capacity: 8M
 Heap Initial Capacity: 118M
 Heap Max Capacity: 2G
 Pre-touch: Disabled
 Parallel Workers: 10
 Concurrent Workers: 3
 Concurrent Refinement Workers: 10
 Periodic GC: Disabled
Heap:
 garbage-first heap   total 103424K, used 72781K [0x0000000080000000, 0x0000000100000000)
  region size 1024K, 21 young (21504K), 4 survivors (4096K)
 Metaspace       used 63764K, committed 64512K, reserved 491520K
  class space    used 9193K, committed 9536K, reserved 425984K
GC Heap History (20 events):
Event: 8.770 GC heap before
{Heap before GC invocations=10 (full 0):
 garbage-first heap   total 86016K, used 64514K [0x0000000080000000, 0x0000000100000000)
  region size 1024K, 36 young (36864K), 3 survivors (3072K)
 Metaspace       used 36200K, committed 36864K, reserved 491520K
  class space    used 5120K, committed 5440K, reserved 425984K
}
Event: 8.774 GC heap after
{Heap after GC invocations=11 (full 0):
 garbage-first heap   total 103424K, used 31107K [0x0000000080000000, 0x0000000100000000)
  region size 1024K, 3 young (3072K), 3 survivors (3072K)
 Metaspace       used 36200K, committed 36864K, reserved 491520K
  class space    used 5120K, committed 5440K, reserved 425984K
}
Event: 9.854 GC heap before
{Heap before GC invocations=11 (full 0):
 garbage-first heap   total 103424K, used 79235K [0x0000000080000000, 0x0000000100000000)
  region size 1024K, 50 young (51200K), 3 survivors (3072K)
 Metaspace       used 40554K, committed 41216K, reserved 491520K
  class space    used 5828K, committed 6144K, reserved 425984K
}
Event: 9.859 GC heap after
{Heap after GC invocations=12 (full 0):
 garbage-first heap   total 103424K, used 33515K [0x0000000080000000, 0x0000000100000000)
  region size 1024K, 5 young (5120K), 5 survivors (5120K)
 Metaspace       used 40554K, committed 41216K, reserved 491520K
  class space    used 5828K, committed 6144K, reserved 425984K
}
Event: 11.032 GC heap before
{Heap before GC invocations=12 (full 0):
 garbage-first heap   total 103424K, used 80619K [0x0000000080000000, 0x0000000100000000)
  region size 1024K, 51 young (52224K), 5 survivors (5120K)
 Metaspace       used 45250K, committed 45888K, reserved 491520K
  class space    used 6497K, committed 6784K, reserved 425984K
}
Event: 11.038 GC heap after
{Heap after GC invocations=13 (full 0):
 garbage-first heap   total 103424K, used 36075K [0x0000000080000000, 0x0000000100000000)
  region size 1024K, 6 young (6144K), 6 survivors (6144K)
 Metaspace       used 45250K, committed 45888K, reserved 491520K
  class space    used 6497K, committed 6784K, reserved 425984K
}
Event: 12.219 GC heap before
{Heap before GC invocations=13 (full 0):
 garbage-first heap   total 103424K, used 81131K [0x0000000080000000, 0x0000000100000000)
  region size 1024K, 50 young (51200K), 6 survivors (6144K)
 Metaspace       used 50001K, committed 50752K, reserved 491520K
  class space    used 7228K, committed 7616K, reserved 425984K
}
Event: 12.225 GC heap after
{Heap after GC invocations=14 (full 0):
 garbage-first heap   total 103424K, used 38939K [0x0000000080000000, 0x0000000100000000)
  region size 1024K, 6 young (6144K), 6 survivors (6144K)
 Metaspace       used 50001K, committed 50752K, reserved 491520K
  class space    used 7228K, committed 7616K, reserved 425984K
}
Event: 13.243 GC heap before
{Heap before GC invocations=14 (full 0):
 garbage-first heap   total 103424K, used 87067K [0x0000000080000000, 0x0000000100000000)
  region size 1024K, 48 young (49152K), 6 survivors (6144K)
 Metaspace       used 51813K, committed 52608K, reserved 491520K
  class space    used 7423K, committed 7808K, reserved 425984K
}
Event: 13.250 GC heap after
{Heap after GC invocations=15 (full 0):
 garbage-first heap   total 103424K, used 49625K [0x0000000080000000, 0x0000000100000000)
  region size 1024K, 6 young (6144K), 6 survivors (6144K)
 Metaspace       used 51813K, committed 52608K, reserved 491520K
  class space    used 7423K, committed 7808K, reserved 425984K
}
Event: 14.053 GC heap before
{Heap before GC invocations=15 (full 0):
 garbage-first heap   total 103424K, used 82393K [0x0000000080000000, 0x0000000100000000)
  region size 1024K, 38 young (38912K), 6 survivors (6144K)
 Metaspace       used 55007K, committed 55808K, reserved 491520K
  class space    used 7873K, committed 8256K, reserved 425984K
}
Event: 14.058 GC heap after
{Heap after GC invocations=16 (full 0):
 garbage-first heap   total 103424K, used 51765K [0x0000000080000000, 0x0000000100000000)
  region size 1024K, 2 young (2048K), 2 survivors (2048K)
 Metaspace       used 55007K, committed 55808K, reserved 491520K
  class space    used 7873K, committed 8256K, reserved 425984K
}
Event: 14.655 GC heap before
{Heap before GC invocations=16 (full 0):
 garbage-first heap   total 103424K, used 83509K [0x0000000080000000, 0x0000000100000000)
  region size 1024K, 33 young (33792K), 2 survivors (2048K)
 Metaspace       used 56994K, committed 57792K, reserved 491520K
  class space    used 8133K, committed 8512K, reserved 425984K
}
Event: 14.659 GC heap after
{Heap after GC invocations=17 (full 0):
 garbage-first heap   total 103424K, used 52931K [0x0000000080000000, 0x0000000100000000)
  region size 1024K, 4 young (4096K), 4 survivors (4096K)
 Metaspace       used 56994K, committed 57792K, reserved 491520K
  class space    used 8133K, committed 8512K, reserved 425984K
}
Event: 15.404 GC heap before
{Heap before GC invocations=18 (full 0):
 garbage-first heap   total 103424K, used 83651K [0x0000000080000000, 0x0000000100000000)
  region size 1024K, 34 young (34816K), 4 survivors (4096K)
 Metaspace       used 59517K, committed 60288K, reserved 491520K
  class space    used 8575K, committed 8960K, reserved 425984K
}
Event: 15.409 GC heap after
{Heap after GC invocations=19 (full 0):
 garbage-first heap   total 103424K, used 54133K [0x0000000080000000, 0x0000000100000000)
  region size 1024K, 3 young (3072K), 3 survivors (3072K)
 Metaspace       used 59517K, committed 60288K, reserved 491520K
  class space    used 8575K, committed 8960K, reserved 425984K
}
Event: 16.278 GC heap before
{Heap before GC invocations=19 (full 0):
 garbage-first heap   total 103424K, used 84853K [0x0000000080000000, 0x0000000100000000)
  region size 1024K, 33 young (33792K), 3 survivors (3072K)
 Metaspace       used 61144K, committed 61952K, reserved 491520K
  class space    used 8817K, committed 9216K, reserved 425984K
}
Event: 16.282 GC heap after
{Heap after GC invocations=20 (full 0):
 garbage-first heap   total 103424K, used 54880K [0x0000000080000000, 0x0000000100000000)
  region size 1024K, 4 young (4096K), 4 survivors (4096K)
 Metaspace       used 61144K, committed 61952K, reserved 491520K
  class space    used 8817K, committed 9216K, reserved 425984K
}
Event: 16.971 GC heap before
{Heap before GC invocations=21 (full 0):
 garbage-first heap   total 103424K, used 85600K [0x0000000080000000, 0x0000000100000000)
  region size 1024K, 34 young (34816K), 4 survivors (4096K)
 Metaspace       used 62889K, committed 63744K, reserved 491520K
  class space    used 9085K, committed 9472K, reserved 425984K
}
Event: 16.976 GC heap after
{Heap after GC invocations=22 (full 0):
 garbage-first heap   total 103424K, used 56397K [0x0000000080000000, 0x0000000100000000)
  region size 1024K, 4 young (4096K), 4 survivors (4096K)
 Metaspace       used 62889K, committed 63744K, reserved 491520K
  class space    used 9085K, committed 9472K, reserved 425984K
}

